<?xml version="1.0" encoding="UTF-8"?>
<testsuite name="com.iress.toyrobot.common.commands.LeftCommandTest" tests="2" skipped="0" failures="0" errors="0" timestamp="2022-02-06T06:26:27" hostname="wfglc-respeleta" time="0.001">
  <properties/>
  <testcase name="testLeftCommandIfRobotIsPlaced()" classname="com.iress.toyrobot.common.commands.LeftCommandTest" time="0.0"/>
  <testcase name="testLeftCommandIfRobotIsNotPlaced()" classname="com.iress.toyrobot.common.commands.LeftCommandTest" time="0.0"/>
  <system-out><![CDATA[Command executed : LEFT
Command not executed : LEFT
]]></system-out>
  <system-err><![CDATA[]]></system-err>
</testsuite>
