<?xml version="1.0" encoding="UTF-8"?>
<testsuite name="com.iress.toyrobot.common.commands.MoveCommandTest" tests="6" skipped="0" failures="0" errors="0" timestamp="2022-02-06T06:26:27" hostname="wfglc-respeleta" time="0.006">
  <properties/>
  <testcase name="testMoveEast()" classname="com.iress.toyrobot.common.commands.MoveCommandTest" time="0.001"/>
  <testcase name="testMoveWest()" classname="com.iress.toyrobot.common.commands.MoveCommandTest" time="0.001"/>
  <testcase name="testMoveIfPositionIsOutsideTheTable()" classname="com.iress.toyrobot.common.commands.MoveCommandTest" time="0.001"/>
  <testcase name="testMoveNorth()" classname="com.iress.toyrobot.common.commands.MoveCommandTest" time="0.001"/>
  <testcase name="testMoveSouth()" classname="com.iress.toyrobot.common.commands.MoveCommandTest" time="0.001"/>
  <testcase name="testMoveIfRobotIsNotPlacedShouldNotExecute()" classname="com.iress.toyrobot.common.commands.MoveCommandTest" time="0.001"/>
  <system-out><![CDATA[Command executed : MOVE
Command executed : MOVE
Command not executed : MOVE
Robot will fall off with the move command!
Command executed : MOVE
Command executed : MOVE
Command not executed : MOVE
]]></system-out>
  <system-err><![CDATA[]]></system-err>
</testsuite>
