<?xml version="1.0" encoding="UTF-8"?>
<testsuite name="com.iress.toyrobot.common.CommandExecutorTest" tests="7" skipped="0" failures="0" errors="0" timestamp="2022-02-06T06:26:27" hostname="wfglc-respeleta" time="0.011">
  <properties/>
  <testcase name="testIfRobotMoveBasedOnExampleA()" classname="com.iress.toyrobot.common.CommandExecutorTest" time="0.001"/>
  <testcase name="testIfRobotMoveBasedOnExampleB()" classname="com.iress.toyrobot.common.CommandExecutorTest" time="0.001"/>
  <testcase name="testIfRobotMoveBasedOnExampleC()" classname="com.iress.toyrobot.common.CommandExecutorTest" time="0.001"/>
  <testcase name="testIfCommandsIgnoredBeforeRobotIsPlaced()" classname="com.iress.toyrobot.common.CommandExecutorTest" time="0.001"/>
  <testcase name="testUseInvalidCommands()" classname="com.iress.toyrobot.common.CommandExecutorTest" time="0.001"/>
  <testcase name="test2PlaceCommandsIfItWillUpdateThePosition()" classname="com.iress.toyrobot.common.CommandExecutorTest" time="0.001"/>
  <testcase name="testUseValidCommands()" classname="com.iress.toyrobot.common.CommandExecutorTest" time="0.0"/>
  <system-out><![CDATA[Command executed : PLACE
Command executed : MOVE
Command executed : REPORT
0,1,NORTH
Command executed : PLACE
Command executed : LEFT
Command executed : REPORT
0,0,WEST
Command executed : PLACE
Command executed : MOVE
Command executed : MOVE
Command executed : LEFT
Command executed : MOVE
Command executed : REPORT
3,3,NORTH
Command not executed : RIGHT
Command not executed : MOVE
Command executed : PLACE
Command executed : MOVE
Command executed : MOVE
Command executed : LEFT
Command executed : MOVE
Command executed : REPORT
3,3,NORTH
Command executed : PLACE
Command executed : MOVE
Command executed : PLACE
Command executed : REPORT
3,3,EAST
]]></system-out>
  <system-err><![CDATA[]]></system-err>
</testsuite>
