<?xml version="1.0" encoding="UTF-8"?>
<testsuite name="com.iress.toyrobot.common.commands.PlaceCommandTest" tests="3" skipped="0" failures="0" errors="0" timestamp="2022-02-06T06:26:27" hostname="wfglc-respeleta" time="0.003">
  <properties/>
  <testcase name="testIfRobotIsPlacedAfterFirstPlaceCommand()" classname="com.iress.toyrobot.common.commands.PlaceCommandTest" time="0.001"/>
  <testcase name="testIfRobotWillNotBePlacedOnPositionOutsideTheTable()" classname="com.iress.toyrobot.common.commands.PlaceCommandTest" time="0.001"/>
  <testcase name="testIfRobotIsPlacedAgainAfterSecondPlaceCommand()" classname="com.iress.toyrobot.common.commands.PlaceCommandTest" time="0.001"/>
  <system-out><![CDATA[Command executed : PLACE
Command not executed : PLACE
Command executed : PLACE
Command executed : PLACE
]]></system-out>
  <system-err><![CDATA[]]></system-err>
</testsuite>
