<?xml version="1.0" encoding="UTF-8"?>
<testsuite name="com.iress.toyrobot.common.commands.ReportCommandTest" tests="2" skipped="0" failures="0" errors="0" timestamp="2022-02-06T06:26:27" hostname="wfglc-respeleta" time="0.003">
  <properties/>
  <testcase name="testReportIfRobotIsPlaced()" classname="com.iress.toyrobot.common.commands.ReportCommandTest" time="0.001"/>
  <testcase name="testReportifRobotIsNotPlaced()" classname="com.iress.toyrobot.common.commands.ReportCommandTest" time="0.001"/>
  <system-out><![CDATA[Command executed : REPORT
1,1,NORTH
Command not executed : REPORT
Robot not placed!
]]></system-out>
  <system-err><![CDATA[]]></system-err>
</testsuite>
